{"name": "test_produce", "status": "broken", "statusDetails": {"message": "selenium.common.exceptions.NoSuchElementException: Message: An element could not be located on the page using the given search parameters.; For documentation on this error, please visit: https://www.selenium.dev/documentation/webdriver/troubleshooting/errors#no-such-element-exception\nStacktrace:\nNoSuchElementError: An element could not be located on the page using the given search parameters.\n    at AndroidUiautomator2Driver.findElOrEls (/Users/vshow/node_modules/appium-uiautomator2-driver/node_modules/appium-android-driver/lib/commands/find.ts:86:11)\n    at processTicksAndRejections (node:internal/process/task_queues:103:5)\n    at AndroidUiautomator2Driver.findElOrElsWithProcessing (/Users/vshow/node_modules/appium-uiautomator2-driver/node_modules/@appium/base-driver/lib/basedriver/commands/find.ts:60:12)\n    at AndroidUiautomator2Driver.findElement (/Users/vshow/node_modules/appium-uiautomator2-driver/node_modules/@appium/base-driver/lib/basedriver/commands/find.ts:75:12)", "trace": "self = <test_VshowBase_Live19.Test_VSHOWBASE_Live19 object at 0x10bea7880>\ndriver = <appium.webdriver.webdriver.WebDriver (session=\"61e212b4-520c-46ae-be79-95e8c24ea768\")>\n\n    def test_produce(self, driver):\n        \"\"\"\n        操作步骤:\n            余额不足选择付费礼物 点击赠送--礼物无法正常送出且弹出充值窗口\n        预期结果:\n            礼物无法正常送出且弹出充值窗口\n        \"\"\"\n        logger.info(\"获取观众uid进行去除金币\")\n>       user_id, _ = self.my_account.get_user_id(driver)\n\nVshow_CASE/Regression_case/Live/test_VshowBase_Live19.py:46: \n_ _ _ _ _ _ _ _ _ _ _ _ _ _ _ _ _ _ _ _ _ _ _ _ _ _ _ _ _ _ _ _ _ _ _ _ _ _ _ _ \nVshow_Page/Vshow_H5/vshow_task_h5.py:358: in get_user_id\n    userId = driver.find_element(AppiumBy.ID, app_package+\":id/tv_user_id\").text\n../../Library/Python/3.9/lib/python/site-packages/appium/webdriver/webdriver.py:383: in find_element\n    return self.execute(RemoteCommand.FIND_ELEMENT, {'using': by, 'value': value})['value']\n../../Library/Python/3.9/lib/python/site-packages/selenium/webdriver/remote/webdriver.py:344: in execute\n    self.error_handler.check_response(response)\n_ _ _ _ _ _ _ _ _ _ _ _ _ _ _ _ _ _ _ _ _ _ _ _ _ _ _ _ _ _ _ _ _ _ _ _ _ _ _ _ \n\nself = <appium.webdriver.errorhandler.MobileErrorHandler object at 0x10bfaed30>\nresponse = {'status': 404, 'value': '{\"value\":{\"error\":\"no such element\",\"message\":\"An element could not be located on the page u...ow/node_modules/appium-uiautomator2-driver/node_modules/@appium/base-driver/lib/basedriver/commands/find.ts:75:12)\"}}'}\n\n    def check_response(self, response: Dict[str, Any]) -> None:\n        \"\"\"\n        https://www.w3.org/TR/webdriver/#errors\n        \"\"\"\n        payload = response.get('value', '')\n        if isinstance(payload, dict):\n            payload_dict = payload\n        else:\n            try:\n                payload_dict = json.loads(payload)\n            except (json.JSONDecodeError, TypeError):\n                return\n            if not isinstance(payload_dict, dict):\n                return\n        value = payload_dict.get('value')\n        if not isinstance(value, dict):\n            return\n        error = value.get('error')\n        if not error:\n            return\n    \n        message = value.get('message', error)\n        stacktrace = value.get('stacktrace', '')\n        # In theory, we should also be checking HTTP status codes.\n        # Java client, for example, prints a warning if the actual `error`\n        # value does not match to the response's HTTP status code.\n        exception_class: Type[sel_exceptions.WebDriverException] = ERROR_TO_EXC_MAPPING.get(\n            error, sel_exceptions.WebDriverException\n        )\n        if exception_class is sel_exceptions.WebDriverException and message:\n            if message == 'No such context found.':\n                exception_class = appium_exceptions.NoSuchContextException\n            elif message == 'That command could not be executed in the current context.':\n                exception_class = appium_exceptions.InvalidSwitchToTargetException\n    \n        if exception_class is sel_exceptions.UnexpectedAlertPresentException:\n            raise sel_exceptions.UnexpectedAlertPresentException(\n                msg=message,\n                stacktrace=format_stacktrace(stacktrace),\n                alert_text=value.get('data'),\n            )\n>       raise exception_class(msg=message, stacktrace=format_stacktrace(stacktrace))\nE       selenium.common.exceptions.NoSuchElementException: Message: An element could not be located on the page using the given search parameters.; For documentation on this error, please visit: https://www.selenium.dev/documentation/webdriver/troubleshooting/errors#no-such-element-exception\nE       Stacktrace:\nE       NoSuchElementError: An element could not be located on the page using the given search parameters.\nE           at AndroidUiautomator2Driver.findElOrEls (/Users/vshow/node_modules/appium-uiautomator2-driver/node_modules/appium-android-driver/lib/commands/find.ts:86:11)\nE           at processTicksAndRejections (node:internal/process/task_queues:103:5)\nE           at AndroidUiautomator2Driver.findElOrElsWithProcessing (/Users/vshow/node_modules/appium-uiautomator2-driver/node_modules/@appium/base-driver/lib/basedriver/commands/find.ts:60:12)\nE           at AndroidUiautomator2Driver.findElement (/Users/vshow/node_modules/appium-uiautomator2-driver/node_modules/@appium/base-driver/lib/basedriver/commands/find.ts:75:12)\n\n../../Library/Python/3.9/lib/python/site-packages/appium/webdriver/errorhandler.py:125: NoSuchElementException"}, "description": "\n        操作步骤:\n            余额不足选择付费礼物 点击赠送--礼物无法正常送出且弹出充值窗口\n        预期结果:\n            礼物无法正常送出且弹出充值窗口\n        ", "attachments": [{"name": "log", "source": "1f55de73-0bce-4041-a6cf-2690569a84c6-attachment.txt", "type": "text/plain"}], "start": 1768317766002, "stop": 1768317772916, "uuid": "40def333-5bac-4148-8625-f883de74d27f", "historyId": "227dedf104419760ab258495878b2cf9", "testCaseId": "227dedf104419760ab258495878b2cf9", "fullName": "Vshow_CASE.Regression_case.Live.test_VshowBase_Live19.Test_VSHOWBASE_Live19#test_produce", "labels": [{"name": "feature", "value": "余额不足选择付费礼物 点击赠送--礼物无法正常送出且弹出充值窗口"}, {"name": "parentSuite", "value": "Vshow_CASE.Regression_case.Live"}, {"name": "suite", "value": "test_VshowBase_Live19"}, {"name": "subSuite", "value": "Test_VSHOWBASE_Live19"}, {"name": "host", "value": "vshowdeMacBook-Pro-3.local"}, {"name": "thread", "value": "15098-MainThread"}, {"name": "framework", "value": "pytest"}, {"name": "language", "value": "cpython3"}, {"name": "package", "value": "Vshow_CASE.Regression_case.Live.test_VshowBase_Live19"}], "titlePath": ["Vshow_CASE", "Regression_case", "Live", "test_VshowBase_Live19.py", "Test_VSHOWBASE_Live19"]}