{"name": "test_produce", "status": "broken", "statusDetails": {"message": "selenium.common.exceptions.NoSuchElementException: Message: An element could not be located on the page using the given search parameters.; For documentation on this error, please visit: https://www.selenium.dev/documentation/webdriver/troubleshooting/errors#no-such-element-exception\nStacktrace:\nNoSuchElementError: An element could not be located on the page using the given search parameters.\n    at AndroidUiautomator2Driver.findElOrEls (/Users/vshow/node_modules/appium-uiautomator2-driver/node_modules/appium-android-driver/lib/commands/find.ts:86:11)\n    at processTicksAndRejections (node:internal/process/task_queues:103:5)\n    at AndroidUiautomator2Driver.findElOrElsWithProcessing (/Users/vshow/node_modules/appium-uiautomator2-driver/node_modules/@appium/base-driver/lib/basedriver/commands/find.ts:60:12)\n    at AndroidUiautomator2Driver.findElement (/Users/vshow/node_modules/appium-uiautomator2-driver/node_modules/@appium/base-driver/lib/basedriver/commands/find.ts:75:12)", "trace": "self = <test_VshowBase_Party04.Test_VSHOWBASE_Party04 object at 0x10bedb880>\ndriver = <appium.webdriver.webdriver.WebDriver (session=\"3b8d017b-d45e-4353-9453-0d2c63ac1bd4\")>\n\n    def test_produce(self, driver):\n        \"\"\"\n        操作步骤:\n            party房主开启/关闭麦位\n        预期结果:\n            关闭-麦位展示一个锁的标识，且用户无法上麦 开启-用户正常上下麦\n        \"\"\"\n        logger.info(\"初始化APP，获取当前用户昵称\")\n        click_element_by_id(driver, element_id=self.driver_data.get(\"appPackage\")+\":id/navMe\", step_name=\"进如【我的】页面\")\n        user_name = get_text_by_id(driver, element_id=self.driver_data.get(\"appPackage\")+\":id/tv_nickname\")\n        click_element_by_id(driver, element_id=self.driver_data.get(\"appPackage\")+\":id/navLive\", step_name=\"进如【直播】页面\")\n    \n        logger.info(\"用户登录进去进入party直播间\")\n        self.my_account.search_user(driver, self.userID)\n        click_element_by_id(driver, element_id=self.driver_data.get(\"appPackage\")+\":id/ivAvatar\", step_name=\"点击主播头像进入party直播间\")\n    \n        logger.info(\"观众端在直播间判断是否包含锁的标识的resource-ID\")\n        wait_for_all_elements(driver,(AppiumBy.ID, self.driver_data.get(\"appPackage\") + \":id/iv_close_seat\"),\"观众端判断Party直播间是否包含锁的标识的resource-ID\")\n        # click_element_by_id(driver, element_id=self.driver_data.get(\"appPackage\")+\":id/tv_close_seat\", step_name=\"观众端点击带锁标识的上麦位\")\n        # wait_for_toast(driver, \"您已成功排麦，等待主播同意\", raise_on_not_found=False)\n    \n        logger.info(\"主播在party直播间，开启上麦位\")\n        click_element_by_id(self.new_driver, element_id=self.driver_data.get(\"appPackage\")+\":id/fl_person_9_seat_position_5\", step_name=\"点击带锁标识的上麦位\")\n    \n        click_button_by_text(self.new_driver, \"开启麦位\", \"点击开启麦位按钮\")\n    \n        logger.info(\"观众在party直播间，点击上麦位\")\n        click_element_by_id(driver, element_id=self.driver_data.get(\"appPackage\")+\":id/iv_add_seat\", step_name=\"点击上麦位\")\n        wait_for_toast(driver, \"您已成功排麦，等待主播同意\")\n>       click_element_by_id(driver, element_id=self.driver_data.get(\"appPackage\") + \":id/positiveButton\", step_name=\"点击确认按钮\")\n\nVshow_CASE/Regression_case/Party/test_VshowBase_Party04.py:69: \n_ _ _ _ _ _ _ _ _ _ _ _ _ _ _ _ _ _ _ _ _ _ _ _ _ _ _ _ _ _ _ _ _ _ _ _ _ _ _ _ \nVshow_TOOLS/dismiss_known_popups.py:162: in wrapper\n    return func(driver, *args, **kwargs)\nVshow_TOOLS/common_actions.py:36: in click_element_by_id\n    element = driver.find_element(AppiumBy.ID, element_id)\n../../Library/Python/3.9/lib/python/site-packages/appium/webdriver/webdriver.py:383: in find_element\n    return self.execute(RemoteCommand.FIND_ELEMENT, {'using': by, 'value': value})['value']\n../../Library/Python/3.9/lib/python/site-packages/selenium/webdriver/remote/webdriver.py:344: in execute\n    self.error_handler.check_response(response)\n_ _ _ _ _ _ _ _ _ _ _ _ _ _ _ _ _ _ _ _ _ _ _ _ _ _ _ _ _ _ _ _ _ _ _ _ _ _ _ _ \n\nself = <appium.webdriver.errorhandler.MobileErrorHandler object at 0x10c260fd0>\nresponse = {'status': 404, 'value': '{\"value\":{\"error\":\"no such element\",\"message\":\"An element could not be located on the page u...ow/node_modules/appium-uiautomator2-driver/node_modules/@appium/base-driver/lib/basedriver/commands/find.ts:75:12)\"}}'}\n\n    def check_response(self, response: Dict[str, Any]) -> None:\n        \"\"\"\n        https://www.w3.org/TR/webdriver/#errors\n        \"\"\"\n        payload = response.get('value', '')\n        if isinstance(payload, dict):\n            payload_dict = payload\n        else:\n            try:\n                payload_dict = json.loads(payload)\n            except (json.JSONDecodeError, TypeError):\n                return\n            if not isinstance(payload_dict, dict):\n                return\n        value = payload_dict.get('value')\n        if not isinstance(value, dict):\n            return\n        error = value.get('error')\n        if not error:\n            return\n    \n        message = value.get('message', error)\n        stacktrace = value.get('stacktrace', '')\n        # In theory, we should also be checking HTTP status codes.\n        # Java client, for example, prints a warning if the actual `error`\n        # value does not match to the response's HTTP status code.\n        exception_class: Type[sel_exceptions.WebDriverException] = ERROR_TO_EXC_MAPPING.get(\n            error, sel_exceptions.WebDriverException\n        )\n        if exception_class is sel_exceptions.WebDriverException and message:\n            if message == 'No such context found.':\n                exception_class = appium_exceptions.NoSuchContextException\n            elif message == 'That command could not be executed in the current context.':\n                exception_class = appium_exceptions.InvalidSwitchToTargetException\n    \n        if exception_class is sel_exceptions.UnexpectedAlertPresentException:\n            raise sel_exceptions.UnexpectedAlertPresentException(\n                msg=message,\n                stacktrace=format_stacktrace(stacktrace),\n                alert_text=value.get('data'),\n            )\n>       raise exception_class(msg=message, stacktrace=format_stacktrace(stacktrace))\nE       selenium.common.exceptions.NoSuchElementException: Message: An element could not be located on the page using the given search parameters.; For documentation on this error, please visit: https://www.selenium.dev/documentation/webdriver/troubleshooting/errors#no-such-element-exception\nE       Stacktrace:\nE       NoSuchElementError: An element could not be located on the page using the given search parameters.\nE           at AndroidUiautomator2Driver.findElOrEls (/Users/vshow/node_modules/appium-uiautomator2-driver/node_modules/appium-android-driver/lib/commands/find.ts:86:11)\nE           at processTicksAndRejections (node:internal/process/task_queues:103:5)\nE           at AndroidUiautomator2Driver.findElOrElsWithProcessing (/Users/vshow/node_modules/appium-uiautomator2-driver/node_modules/@appium/base-driver/lib/basedriver/commands/find.ts:60:12)\nE           at AndroidUiautomator2Driver.findElement (/Users/vshow/node_modules/appium-uiautomator2-driver/node_modules/@appium/base-driver/lib/basedriver/commands/find.ts:75:12)\n\n../../Library/Python/3.9/lib/python/site-packages/appium/webdriver/errorhandler.py:125: NoSuchElementException"}, "description": "\n        操作步骤:\n            party房主开启/关闭麦位\n        预期结果:\n            关闭-麦位展示一个锁的标识，且用户无法上麦 开启-用户正常上下麦\n        ", "attachments": [{"name": "log", "source": "dc8b28f2-243d-4631-bcb8-db027ee8bd76-attachment.txt", "type": "text/plain"}], "start": 1768318585931, "stop": 1768318927820, "uuid": "7ff5eec0-5a14-4570-9d74-cb96d5b19954", "historyId": "53e4f27c9d011f92074cb6ae708c2195", "testCaseId": "53e4f27c9d011f92074cb6ae708c2195", "fullName": "Vshow_CASE.Regression_case.Party.test_VshowBase_Party04.Test_VSHOWBASE_Party04#test_produce", "labels": [{"name": "feature", "value": "party房主开启/关闭麦位--关闭-麦位展示一个锁的标识，且用户无法上麦 开启-用户正常上下麦"}, {"name": "parentSuite", "value": "Vshow_CASE.Regression_case.Party"}, {"name": "suite", "value": "test_VshowBase_Party04"}, {"name": "subSuite", "value": "Test_VSHOWBASE_Party04"}, {"name": "host", "value": "vshowdeMacBook-Pro-3.local"}, {"name": "thread", "value": "15098-MainThread"}, {"name": "framework", "value": "pytest"}, {"name": "language", "value": "cpython3"}, {"name": "package", "value": "Vshow_CASE.Regression_case.Party.test_VshowBase_Party04"}], "titlePath": ["Vshow_CASE", "Regression_case", "Party", "test_VshowBase_Party04.py", "Test_VSHOWBASE_Party04"]}